<?xml version="1.0" encoding="UTF-8"?>
<!-- Generated by org.testng.reporters.JUnitReportReporter -->
<testsuite hostname="ARUNANGSHU" failures="0" tests="1" name="testCases.TC_008_VerificationofProductDetailsPage" time="4.574" errors="0" timestamp="2025-06-15T00:00:56 IST" skipped="0">
  <testcase classname="testCases.TC_008_VerificationofProductDetailsPage" name="verify_productDetails" time="4.574"/>
</testsuite> <!-- testCases.TC_008_VerificationofProductDetailsPage -->
