<?xml version="1.0" encoding="UTF-8"?>
<!-- Generated by org.testng.reporters.JUnitReportReporter -->
<testsuite hostname="ARUNANGSHU" failures="0" tests="1" name="testCases.TC_009_VerificationofProductSearch" time="6.557" errors="0" timestamp="2025-06-18T23:36:45 IST" skipped="0">
  <testcase classname="testCases.TC_009_VerificationofProductSearch" name="verify_productDetails" time="6.557"/>
</testsuite> <!-- testCases.TC_009_VerificationofProductSearch -->
