<?xml version="1.0" encoding="UTF-8"?>
<!-- Generated by org.testng.reporters.JUnitReportReporter -->
<testsuite hostname="ARUNANGSHU" failures="0" tests="1" name="testCases.TC_003_VerificationOfLoginPagewithInvalidCredentials" time="5.069" errors="0" timestamp="2025-06-06T23:13:41 IST" skipped="0">
  <testcase classname="testCases.TC_003_VerificationOfLoginPagewithInvalidCredentials" name="Verify_login_page" time="5.069"/>
</testsuite> <!-- testCases.TC_003_VerificationOfLoginPagewithInvalidCredentials -->
