<?xml version="1.0" encoding="UTF-8"?>
<!-- Generated by org.testng.reporters.JUnitReportReporter -->
<testsuite hostname="ARUNANGSHU" failures="0" tests="1" name="testCases.TC_006_VerificationofContactUsPage" time="7.143" errors="0" timestamp="2025-07-03T02:08:54 IST" skipped="0">
  <testcase classname="testCases.TC_006_VerificationofContactUsPage" name="verify_contactUsPage" time="7.143"/>
</testsuite> <!-- testCases.TC_006_VerificationofContactUsPage -->
