<?xml version="1.0" encoding="UTF-8"?>
<!-- Generated by org.testng.reporters.JUnitReportReporter -->
<testsuite hostname="ARUNANGSHU" failures="0" tests="1" name="testCases.TC_005_VerificationofRegistrationwithExistingEmail" time="1.938" errors="0" timestamp="2025-07-03T02:08:54 IST" skipped="0">
  <testcase classname="testCases.TC_005_VerificationofRegistrationwithExistingEmail" name="verify_registrationwith_ExistingEmail" time="1.938"/>
</testsuite> <!-- testCases.TC_005_VerificationofRegistrationwithExistingEmail -->
