<?xml version="1.0" encoding="UTF-8"?>
<!-- Generated by org.testng.reporters.JUnitReportReporter -->
<testsuite hostname="ARUNANGSHU" failures="0" tests="1" name="testCases.TC_001_AccountRegistrationTest" time="12.446" errors="0" timestamp="2025-06-06T23:13:41 IST" skipped="0">
  <testcase classname="testCases.TC_001_AccountRegistrationTest" name="verify_account_registration" time="12.446"/>
</testsuite> <!-- testCases.TC_001_AccountRegistrationTest -->
