<?xml version="1.0" encoding="UTF-8"?>
<!-- Generated by org.testng.reporters.JUnitReportReporter -->
<testsuite hostname="ARUNANGSHU" failures="0" tests="1" name="testCases.TC_014_VerificationofOrderPlacedRegisterWhileCheckout" time="14.608" errors="0" timestamp="2025-07-04T23:25:49 IST" skipped="0">
  <testcase classname="testCases.TC_014_VerificationofOrderPlacedRegisterWhileCheckout" name="verify_OrderPlacedWhileCheckout" time="14.608"/>
</testsuite> <!-- testCases.TC_014_VerificationofOrderPlacedRegisterWhileCheckout -->
