<?xml version="1.0" encoding="UTF-8"?>
<!-- Generated by org.testng.reporters.JUnitReportReporter -->
<testsuite hostname="ARUNANGSHU" failures="0" tests="1" name="testCases.TC_010_VerificationofSubscriptionInHomePage" time="3.335" errors="0" timestamp="2025-06-19T23:34:56 IST" skipped="0">
  <testcase classname="testCases.TC_010_VerificationofSubscriptionInHomePage" name="verify_SubscriptioninHomePage" time="3.335"/>
</testsuite> <!-- testCases.TC_010_VerificationofSubscriptionInHomePage -->
