<?xml version="1.0" encoding="UTF-8"?>
<!-- Generated by org.testng.reporters.JUnitReportReporter -->
<testsuite hostname="ARUNANGSHU" failures="0" tests="1" name="testCases.TC_002_VerificationOfLoginPage" time="5.872" errors="0" timestamp="2025-06-06T23:13:41 IST" skipped="0">
  <testcase classname="testCases.TC_002_VerificationOfLoginPage" name="Verify_login_page" time="5.872"/>
</testsuite> <!-- testCases.TC_002_VerificationOfLoginPage -->
