<?xml version="1.0" encoding="UTF-8"?>
<!-- Generated by org.testng.reporters.JUnitReportReporter -->
<testsuite hostname="ARUNANGSHU" failures="0" tests="1" name="testCases.TC_003_VerificationOfLoginPagewithInvalidCredentials" time="1.907" errors="0" timestamp="2025-07-03T02:08:54 IST" skipped="0">
  <testcase classname="testCases.TC_003_VerificationOfLoginPagewithInvalidCredentials" name="Verify_login_page" time="1.907"/>
</testsuite> <!-- testCases.TC_003_VerificationOfLoginPagewithInvalidCredentials -->
