<?xml version="1.0" encoding="UTF-8"?>
<!-- Generated by org.testng.reporters.JUnitReportReporter -->
<testsuite hostname="ARUNANGSHU" failures="0" tests="1" name="testCases.TC_010_VerificationofSubscriptionInHomePage" time="3.321" errors="0" timestamp="2025-07-03T02:08:54 IST" skipped="0">
  <testcase classname="testCases.TC_010_VerificationofSubscriptionInHomePage" name="verify_SubscriptioninHomePage" time="3.321"/>
</testsuite> <!-- testCases.TC_010_VerificationofSubscriptionInHomePage -->
