<?xml version="1.0" encoding="UTF-8"?>
<!-- Generated by org.testng.reporters.JUnitReportReporter -->
<testsuite hostname="ARUNANGSHU" failures="0" tests="1" name="testCases.TC_007_VerificationofTestCasesPage" time="1.305" errors="0" timestamp="2025-06-14T00:03:26 IST" skipped="0">
  <testcase classname="testCases.TC_007_VerificationofTestCasesPage" name="verify_testCasesPage" time="1.305"/>
</testsuite> <!-- testCases.TC_007_VerificationofTestCasesPage -->
