<?xml version="1.0" encoding="UTF-8"?>
<!-- Generated by org.testng.reporters.JUnitReportReporter -->
<testsuite hostname="ARUNANGSHU" failures="0" tests="1" name="testCases.TC_007_VerificationofTestCasesPage" time="2.364" errors="0" timestamp="2025-07-03T02:08:54 IST" skipped="0">
  <testcase classname="testCases.TC_007_VerificationofTestCasesPage" name="verify_testCasesPage" time="2.364"/>
</testsuite> <!-- testCases.TC_007_VerificationofTestCasesPage -->
