<?xml version="1.0" encoding="UTF-8"?>
<!-- Generated by org.testng.reporters.JUnitReportReporter -->
<testsuite hostname="ARUNANGSHU" failures="0" tests="1" name="testCases.TC_004_VerificationofLogoutPage" time="8.473" errors="0" timestamp="2025-06-06T23:13:41 IST" skipped="0">
  <testcase classname="testCases.TC_004_VerificationofLogoutPage" name="verify_logout_page" time="8.473"/>
</testsuite> <!-- testCases.TC_004_VerificationofLogoutPage -->
