<?xml version="1.0" encoding="UTF-8"?>
<!-- Generated by org.testng.reporters.JUnitReportReporter -->
<testsuite hostname="ARUNANGSHU" failures="0" tests="1" name="testCases.TC_012_VerificationofAddingProductInCart" time="4.092" errors="0" timestamp="2025-06-21T02:52:44 IST" skipped="0">
  <testcase classname="testCases.TC_012_VerificationofAddingProductInCart" name="verify_SubscriptioninHomePage" time="4.092"/>
</testsuite> <!-- testCases.TC_012_VerificationofAddingProductInCart -->
