<?xml version="1.0" encoding="UTF-8"?>
<!-- Generated by org.testng.reporters.JUnitReportReporter -->
<testsuite hostname="ARUNANGSHU" failures="0" tests="1" name="testCases.TC_009_VerificationofProductSearch" time="6.204" errors="0" timestamp="2025-07-03T02:08:54 IST" skipped="0">
  <testcase classname="testCases.TC_009_VerificationofProductSearch" name="verify_productSearch" time="6.204"/>
</testsuite> <!-- testCases.TC_009_VerificationofProductSearch -->
