<?xml version="1.0" encoding="UTF-8"?>
<!-- Generated by org.testng.reporters.JUnitReportReporter -->
<testsuite hostname="ARUNANGSHU" failures="0" tests="1" name="testCases.TC_006_VerificationofContactUsPage" time="4.058" errors="0" timestamp="2025-06-14T00:03:26 IST" skipped="0">
  <testcase classname="testCases.TC_006_VerificationofContactUsPage" name="verify_contactUsPage" time="4.058"/>
</testsuite> <!-- testCases.TC_006_VerificationofContactUsPage -->
